This is pdfTeX, Version 3.14159265-2.6-1.40.18 (TeX Live 2017) (preloaded format=pdflatex 2017.8.23)  7 OCT 2017 23:24
entering extended mode
 restricted \write18 enabled.
 %&-line parsing enabled.
**CAlg.tex
(./CAlg.tex
LaTeX2e <2017-04-15>
Babel <3.10> and hyphenation patterns for 84 language(s) loaded.
(/usr/local/texlive/2017/texmf-dist/tex/latex/amscls/amsart.cls
Document Class: amsart 2015/03/04 v2.20.2
\linespacing=\dimen102
\normalparindent=\dimen103
\normaltopskip=\skip41
(/usr/local/texlive/2017/texmf-dist/tex/latex/amsmath/amsmath.sty
Package: amsmath 2016/11/05 v2.16a AMS math features
\@mathmargin=\skip42
For additional information on amsmath, use the `?' option.
(/usr/local/texlive/2017/texmf-dist/tex/latex/amsmath/amstext.sty
Package: amstext 2000/06/29 v2.01 AMS text
(/usr/local/texlive/2017/texmf-dist/tex/latex/amsmath/amsgen.sty
File: amsgen.sty 1999/11/30 v2.0 generic functions
\@emptytoks=\toks14
\ex@=\dimen104
)) (/usr/local/texlive/2017/texmf-dist/tex/latex/amsmath/amsbsy.sty
Package: amsbsy 1999/11/29 v1.2d Bold Symbols
\pmbraise@=\dimen105
) (/usr/local/texlive/2017/texmf-dist/tex/latex/amsmath/amsopn.sty
Package: amsopn 2016/03/08 v2.02 operator names
)
\inf@bad=\count79
LaTeX Info: Redefining \frac on input line 213.
\uproot@=\count80
\leftroot@=\count81
LaTeX Info: Redefining \overline on input line 375.
\classnum@=\count82
\DOTSCASE@=\count83
LaTeX Info: Redefining \ldots on input line 472.
LaTeX Info: Redefining \dots on input line 475.
LaTeX Info: Redefining \cdots on input line 596.
\Mathstrutbox@=\box26
\strutbox@=\box27
\big@size=\dimen106
LaTeX Font Info:    Redeclaring font encoding OML on input line 712.
LaTeX Font Info:    Redeclaring font encoding OMS on input line 713.
\macc@depth=\count84
\c@MaxMatrixCols=\count85
\dotsspace@=\muskip10
\c@parentequation=\count86
\dspbrk@lvl=\count87
\tag@help=\toks15
\row@=\count88
\column@=\count89
\maxfields@=\count90
\andhelp@=\toks16
\eqnshift@=\dimen107
\alignsep@=\dimen108
\tagshift@=\dimen109
\tagwidth@=\dimen110
\totwidth@=\dimen111
\lineht@=\dimen112
\@envbody=\toks17
\multlinegap=\skip43
\multlinetaggap=\skip44
\mathdisplay@stack=\toks18
LaTeX Info: Redefining \[ on input line 2817.
LaTeX Info: Redefining \] on input line 2818.
)
LaTeX Font Info:    Try loading font information for U+msa on input line 388.
(/usr/local/texlive/2017/texmf-dist/tex/latex/amsfonts/umsa.fd
File: umsa.fd 2013/01/14 v3.01 AMS symbols A
) (/usr/local/texlive/2017/texmf-dist/tex/latex/amsfonts/amsfonts.sty
Package: amsfonts 2013/01/14 v3.01 Basic AMSFonts support
\symAMSa=\mathgroup4
\symAMSb=\mathgroup5
LaTeX Font Info:    Overwriting math alphabet `\mathfrak' in version `bold'
(Font)                  U/euf/m/n --> U/euf/b/n on input line 106.
)
\copyins=\insert199
\abstractbox=\box28
\listisep=\skip45
\c@part=\count91
\c@section=\count92
\c@subsection=\count93
\c@subsubsection=\count94
\c@paragraph=\count95
\c@subparagraph=\count96
\c@figure=\count97
\c@table=\count98
\abovecaptionskip=\skip46
\belowcaptionskip=\skip47
\captionindent=\dimen113
\thm@style=\toks19
\thm@bodyfont=\toks20
\thm@headfont=\toks21
\thm@notefont=\toks22
\thm@headpunct=\toks23
\thm@preskip=\skip48
\thm@postskip=\skip49
\thm@headsep=\skip50
\dth@everypar=\toks24
) (./notestemplate.sty
Package: notestemplate 
(/usr/local/texlive/2017/texmf-dist/tex/latex/amsfonts/amssymb.sty
Package: amssymb 2013/01/14 v3.01 AMS font symbols
) (/usr/local/texlive/2017/texmf-dist/tex/latex/extarrows/extarrows.sty
Package: extarrows 2008/05/15 v1.0b Some extensible arrows
) (/usr/local/texlive/2017/texmf-dist/tex/latex/tools/enumerate.sty
Package: enumerate 2015/07/23 v3.00 enumerate extensions (DPC)
\@enLab=\toks25
) (/usr/local/texlive/2017/texmf-dist/tex/latex/units/nicefrac.sty
Package: nicefrac 1998/08/04 v0.9b Nice fractions
\L@UnitsRaiseDisplaystyle=\skip51
\L@UnitsRaiseTextstyle=\skip52
\L@UnitsRaiseScriptstyle=\skip53
(/usr/local/texlive/2017/texmf-dist/tex/latex/base/ifthen.sty
Package: ifthen 2014/09/29 v1.1c Standard LaTeX ifthen package (DPC)
)) (/usr/local/texlive/2017/texmf-dist/tex/latex/pgf/basiclayer/pgf.sty (/usr/l
ocal/texlive/2017/texmf-dist/tex/latex/pgf/utilities/pgfrcs.sty
(/usr/local/texlive/2017/texmf-dist/tex/generic/pgf/utilities/pgfutil-common.te
x
\pgfutil@everybye=\toks26
\pgfutil@tempdima=\dimen114
\pgfutil@tempdimb=\dimen115

(/usr/local/texlive/2017/texmf-dist/tex/generic/pgf/utilities/pgfutil-common-li
sts.tex))
(/usr/local/texlive/2017/texmf-dist/tex/generic/pgf/utilities/pgfutil-latex.def
\pgfutil@abb=\box29
(/usr/local/texlive/2017/texmf-dist/tex/latex/ms/everyshi.sty
Package: everyshi 2001/05/15 v3.00 EveryShipout Package (MS)
)) (/usr/local/texlive/2017/texmf-dist/tex/generic/pgf/utilities/pgfrcs.code.te
x
Package: pgfrcs 2015/08/07 v3.0.1a (rcs-revision 1.31)
))
Package: pgf 2015/08/07 v3.0.1a (rcs-revision 1.15)
(/usr/local/texlive/2017/texmf-dist/tex/latex/pgf/basiclayer/pgfcore.sty (/usr/
local/texlive/2017/texmf-dist/tex/latex/graphics/graphicx.sty
Package: graphicx 2014/10/28 v1.0g Enhanced LaTeX Graphics (DPC,SPQR)
(/usr/local/texlive/2017/texmf-dist/tex/latex/graphics/keyval.sty
Package: keyval 2014/10/28 v1.15 key=value parser (DPC)
\KV@toks@=\toks27
) (/usr/local/texlive/2017/texmf-dist/tex/latex/graphics/graphics.sty
Package: graphics 2017/04/14 v1.1b Standard LaTeX Graphics (DPC,SPQR)
(/usr/local/texlive/2017/texmf-dist/tex/latex/graphics/trig.sty
Package: trig 2016/01/03 v1.10 sin cos tan (DPC)
) (/usr/local/texlive/2017/texmf-dist/tex/latex/graphics-cfg/graphics.cfg
File: graphics.cfg 2016/06/04 v1.11 sample graphics configuration
)
Package graphics Info: Driver file: pdftex.def on input line 99.
(/usr/local/texlive/2017/texmf-dist/tex/latex/graphics-def/pdftex.def
File: pdftex.def 2017/01/12 v0.06k Graphics/color for pdfTeX
(/usr/local/texlive/2017/texmf-dist/tex/generic/oberdiek/infwarerr.sty
Package: infwarerr 2016/05/16 v1.4 Providing info/warning/error messages (HO)
) (/usr/local/texlive/2017/texmf-dist/tex/generic/oberdiek/ltxcmds.sty
Package: ltxcmds 2016/05/16 v1.23 LaTeX kernel commands for general use (HO)
)
\Gread@gobject=\count99
))
\Gin@req@height=\dimen116
\Gin@req@width=\dimen117
) (/usr/local/texlive/2017/texmf-dist/tex/latex/pgf/systemlayer/pgfsys.sty
(/usr/local/texlive/2017/texmf-dist/tex/generic/pgf/systemlayer/pgfsys.code.tex
Package: pgfsys 2014/07/09 v3.0.1a (rcs-revision 1.48)
(/usr/local/texlive/2017/texmf-dist/tex/generic/pgf/utilities/pgfkeys.code.tex
\pgfkeys@pathtoks=\toks28
\pgfkeys@temptoks=\toks29

(/usr/local/texlive/2017/texmf-dist/tex/generic/pgf/utilities/pgfkeysfiltered.c
ode.tex
\pgfkeys@tmptoks=\toks30
))
\pgf@x=\dimen118
\pgf@y=\dimen119
\pgf@xa=\dimen120
\pgf@ya=\dimen121
\pgf@xb=\dimen122
\pgf@yb=\dimen123
\pgf@xc=\dimen124
\pgf@yc=\dimen125
\w@pgf@writea=\write3
\r@pgf@reada=\read1
\c@pgf@counta=\count100
\c@pgf@countb=\count101
\c@pgf@countc=\count102
\c@pgf@countd=\count103
\t@pgf@toka=\toks31
\t@pgf@tokb=\toks32
\t@pgf@tokc=\toks33
(/usr/local/texlive/2017/texmf-dist/tex/generic/pgf/systemlayer/pgf.cfg
File: pgf.cfg 2008/05/14  (rcs-revision 1.7)
)
Driver file for pgf: pgfsys-pdftex.def

(/usr/local/texlive/2017/texmf-dist/tex/generic/pgf/systemlayer/pgfsys-pdftex.d
ef
File: pgfsys-pdftex.def 2014/10/11  (rcs-revision 1.35)

(/usr/local/texlive/2017/texmf-dist/tex/generic/pgf/systemlayer/pgfsys-common-p
df.def
File: pgfsys-common-pdf.def 2013/10/10  (rcs-revision 1.13)
)))
(/usr/local/texlive/2017/texmf-dist/tex/generic/pgf/systemlayer/pgfsyssoftpath.
code.tex
File: pgfsyssoftpath.code.tex 2013/09/09  (rcs-revision 1.9)
\pgfsyssoftpath@smallbuffer@items=\count104
\pgfsyssoftpath@bigbuffer@items=\count105
)
(/usr/local/texlive/2017/texmf-dist/tex/generic/pgf/systemlayer/pgfsysprotocol.
code.tex
File: pgfsysprotocol.code.tex 2006/10/16  (rcs-revision 1.4)
)) (/usr/local/texlive/2017/texmf-dist/tex/latex/xcolor/xcolor.sty
Package: xcolor 2016/05/11 v2.12 LaTeX color extensions (UK)
(/usr/local/texlive/2017/texmf-dist/tex/latex/graphics-cfg/color.cfg
File: color.cfg 2016/01/02 v1.6 sample color configuration
)
Package xcolor Info: Driver file: pdftex.def on input line 225.
Package xcolor Info: Model `cmy' substituted by `cmy0' on input line 1348.
Package xcolor Info: Model `hsb' substituted by `rgb' on input line 1352.
Package xcolor Info: Model `RGB' extended on input line 1364.
Package xcolor Info: Model `HTML' substituted by `rgb' on input line 1366.
Package xcolor Info: Model `Hsb' substituted by `hsb' on input line 1367.
Package xcolor Info: Model `tHsb' substituted by `hsb' on input line 1368.
Package xcolor Info: Model `HSB' substituted by `hsb' on input line 1369.
Package xcolor Info: Model `Gray' substituted by `gray' on input line 1370.
Package xcolor Info: Model `wave' substituted by `hsb' on input line 1371.
)
(/usr/local/texlive/2017/texmf-dist/tex/generic/pgf/basiclayer/pgfcore.code.tex
Package: pgfcore 2010/04/11 v3.0.1a (rcs-revision 1.7)
(/usr/local/texlive/2017/texmf-dist/tex/generic/pgf/math/pgfmath.code.tex (/usr
/local/texlive/2017/texmf-dist/tex/generic/pgf/math/pgfmathcalc.code.tex (/usr/
local/texlive/2017/texmf-dist/tex/generic/pgf/math/pgfmathutil.code.tex)
(/usr/local/texlive/2017/texmf-dist/tex/generic/pgf/math/pgfmathparser.code.tex
\pgfmath@dimen=\dimen126
\pgfmath@count=\count106
\pgfmath@box=\box30
\pgfmath@toks=\toks34
\pgfmath@stack@operand=\toks35
\pgfmath@stack@operation=\toks36
)
(/usr/local/texlive/2017/texmf-dist/tex/generic/pgf/math/pgfmathfunctions.code.
tex
(/usr/local/texlive/2017/texmf-dist/tex/generic/pgf/math/pgfmathfunctions.basic
.code.tex)
(/usr/local/texlive/2017/texmf-dist/tex/generic/pgf/math/pgfmathfunctions.trigo
nometric.code.tex)
(/usr/local/texlive/2017/texmf-dist/tex/generic/pgf/math/pgfmathfunctions.rando
m.code.tex)
(/usr/local/texlive/2017/texmf-dist/tex/generic/pgf/math/pgfmathfunctions.compa
rison.code.tex)
(/usr/local/texlive/2017/texmf-dist/tex/generic/pgf/math/pgfmathfunctions.base.
code.tex)
(/usr/local/texlive/2017/texmf-dist/tex/generic/pgf/math/pgfmathfunctions.round
.code.tex)
(/usr/local/texlive/2017/texmf-dist/tex/generic/pgf/math/pgfmathfunctions.misc.
code.tex)
(/usr/local/texlive/2017/texmf-dist/tex/generic/pgf/math/pgfmathfunctions.integ
erarithmetics.code.tex))) (/usr/local/texlive/2017/texmf-dist/tex/generic/pgf/m
ath/pgfmathfloat.code.tex
\c@pgfmathroundto@lastzeros=\count107
))
(/usr/local/texlive/2017/texmf-dist/tex/generic/pgf/basiclayer/pgfcorepoints.co
de.tex
File: pgfcorepoints.code.tex 2013/10/07  (rcs-revision 1.27)
\pgf@picminx=\dimen127
\pgf@picmaxx=\dimen128
\pgf@picminy=\dimen129
\pgf@picmaxy=\dimen130
\pgf@pathminx=\dimen131
\pgf@pathmaxx=\dimen132
\pgf@pathminy=\dimen133
\pgf@pathmaxy=\dimen134
\pgf@xx=\dimen135
\pgf@xy=\dimen136
\pgf@yx=\dimen137
\pgf@yy=\dimen138
\pgf@zx=\dimen139
\pgf@zy=\dimen140
)
(/usr/local/texlive/2017/texmf-dist/tex/generic/pgf/basiclayer/pgfcorepathconst
ruct.code.tex
File: pgfcorepathconstruct.code.tex 2013/10/07  (rcs-revision 1.29)
\pgf@path@lastx=\dimen141
\pgf@path@lasty=\dimen142
)
(/usr/local/texlive/2017/texmf-dist/tex/generic/pgf/basiclayer/pgfcorepathusage
.code.tex
File: pgfcorepathusage.code.tex 2014/11/02  (rcs-revision 1.24)
\pgf@shorten@end@additional=\dimen143
\pgf@shorten@start@additional=\dimen144
)
(/usr/local/texlive/2017/texmf-dist/tex/generic/pgf/basiclayer/pgfcorescopes.co
de.tex
File: pgfcorescopes.code.tex 2015/05/08  (rcs-revision 1.46)
\pgfpic=\box31
\pgf@hbox=\box32
\pgf@layerbox@main=\box33
\pgf@picture@serial@count=\count108
)
(/usr/local/texlive/2017/texmf-dist/tex/generic/pgf/basiclayer/pgfcoregraphicst
ate.code.tex
File: pgfcoregraphicstate.code.tex 2014/11/02  (rcs-revision 1.12)
\pgflinewidth=\dimen145
)
(/usr/local/texlive/2017/texmf-dist/tex/generic/pgf/basiclayer/pgfcoretransform
ations.code.tex
File: pgfcoretransformations.code.tex 2015/08/07  (rcs-revision 1.20)
\pgf@pt@x=\dimen146
\pgf@pt@y=\dimen147
\pgf@pt@temp=\dimen148
)
(/usr/local/texlive/2017/texmf-dist/tex/generic/pgf/basiclayer/pgfcorequick.cod
e.tex
File: pgfcorequick.code.tex 2008/10/09  (rcs-revision 1.3)
)
(/usr/local/texlive/2017/texmf-dist/tex/generic/pgf/basiclayer/pgfcoreobjects.c
ode.tex
File: pgfcoreobjects.code.tex 2006/10/11  (rcs-revision 1.2)
)
(/usr/local/texlive/2017/texmf-dist/tex/generic/pgf/basiclayer/pgfcorepathproce
ssing.code.tex
File: pgfcorepathprocessing.code.tex 2013/09/09  (rcs-revision 1.9)
)
(/usr/local/texlive/2017/texmf-dist/tex/generic/pgf/basiclayer/pgfcorearrows.co
de.tex
File: pgfcorearrows.code.tex 2015/05/14  (rcs-revision 1.43)
\pgfarrowsep=\dimen149
)
(/usr/local/texlive/2017/texmf-dist/tex/generic/pgf/basiclayer/pgfcoreshade.cod
e.tex
File: pgfcoreshade.code.tex 2013/07/15  (rcs-revision 1.15)
\pgf@max=\dimen150
\pgf@sys@shading@range@num=\count109
)
(/usr/local/texlive/2017/texmf-dist/tex/generic/pgf/basiclayer/pgfcoreimage.cod
e.tex
File: pgfcoreimage.code.tex 2013/07/15  (rcs-revision 1.18)

(/usr/local/texlive/2017/texmf-dist/tex/generic/pgf/basiclayer/pgfcoreexternal.
code.tex
File: pgfcoreexternal.code.tex 2014/07/09  (rcs-revision 1.21)
\pgfexternal@startupbox=\box34
))
(/usr/local/texlive/2017/texmf-dist/tex/generic/pgf/basiclayer/pgfcorelayers.co
de.tex
File: pgfcorelayers.code.tex 2013/07/18  (rcs-revision 1.7)
)
(/usr/local/texlive/2017/texmf-dist/tex/generic/pgf/basiclayer/pgfcoretranspare
ncy.code.tex
File: pgfcoretransparency.code.tex 2013/09/30  (rcs-revision 1.5)
)
(/usr/local/texlive/2017/texmf-dist/tex/generic/pgf/basiclayer/pgfcorepatterns.
code.tex
File: pgfcorepatterns.code.tex 2013/11/07  (rcs-revision 1.5)
)))
(/usr/local/texlive/2017/texmf-dist/tex/generic/pgf/modules/pgfmoduleshapes.cod
e.tex
File: pgfmoduleshapes.code.tex 2014/03/21  (rcs-revision 1.35)
\pgfnodeparttextbox=\box35
)
(/usr/local/texlive/2017/texmf-dist/tex/generic/pgf/modules/pgfmoduleplot.code.
tex
File: pgfmoduleplot.code.tex 2015/08/03  (rcs-revision 1.13)
)
(/usr/local/texlive/2017/texmf-dist/tex/latex/pgf/compatibility/pgfcomp-version
-0-65.sty
Package: pgfcomp-version-0-65 2007/07/03 v3.0.1a (rcs-revision 1.7)
\pgf@nodesepstart=\dimen151
\pgf@nodesepend=\dimen152
)
(/usr/local/texlive/2017/texmf-dist/tex/latex/pgf/compatibility/pgfcomp-version
-1-18.sty
Package: pgfcomp-version-1-18 2007/07/23 v3.0.1a (rcs-revision 1.1)
)) (/usr/local/texlive/2017/texmf-dist/tex/latex/pgf/frontendlayer/tikz.sty (/u
sr/local/texlive/2017/texmf-dist/tex/latex/pgf/utilities/pgffor.sty (/usr/local
/texlive/2017/texmf-dist/tex/latex/pgf/utilities/pgfkeys.sty (/usr/local/texliv
e/2017/texmf-dist/tex/generic/pgf/utilities/pgfkeys.code.tex)) (/usr/local/texl
ive/2017/texmf-dist/tex/latex/pgf/math/pgfmath.sty (/usr/local/texlive/2017/tex
mf-dist/tex/generic/pgf/math/pgfmath.code.tex)) (/usr/local/texlive/2017/texmf-
dist/tex/generic/pgf/utilities/pgffor.code.tex
Package: pgffor 2013/12/13 v3.0.1a (rcs-revision 1.25)
(/usr/local/texlive/2017/texmf-dist/tex/generic/pgf/math/pgfmath.code.tex)
\pgffor@iter=\dimen153
\pgffor@skip=\dimen154
\pgffor@stack=\toks37
\pgffor@toks=\toks38
))
(/usr/local/texlive/2017/texmf-dist/tex/generic/pgf/frontendlayer/tikz/tikz.cod
e.tex
Package: tikz 2015/08/07 v3.0.1a (rcs-revision 1.151)

(/usr/local/texlive/2017/texmf-dist/tex/generic/pgf/libraries/pgflibraryplothan
dlers.code.tex
File: pgflibraryplothandlers.code.tex 2013/08/31 v3.0.1a (rcs-revision 1.20)
\pgf@plot@mark@count=\count110
\pgfplotmarksize=\dimen155
)
\tikz@lastx=\dimen156
\tikz@lasty=\dimen157
\tikz@lastxsaved=\dimen158
\tikz@lastysaved=\dimen159
\tikzleveldistance=\dimen160
\tikzsiblingdistance=\dimen161
\tikz@figbox=\box36
\tikz@figbox@bg=\box37
\tikz@tempbox=\box38
\tikz@tempbox@bg=\box39
\tikztreelevel=\count111
\tikznumberofchildren=\count112
\tikznumberofcurrentchild=\count113
\tikz@fig@count=\count114

(/usr/local/texlive/2017/texmf-dist/tex/generic/pgf/modules/pgfmodulematrix.cod
e.tex
File: pgfmodulematrix.code.tex 2013/09/17  (rcs-revision 1.8)
\pgfmatrixcurrentrow=\count115
\pgfmatrixcurrentcolumn=\count116
\pgf@matrix@numberofcolumns=\count117
)
\tikz@expandcount=\count118

(/usr/local/texlive/2017/texmf-dist/tex/generic/pgf/frontendlayer/tikz/librarie
s/tikzlibrarytopaths.code.tex
File: tikzlibrarytopaths.code.tex 2008/06/17 v3.0.1a (rcs-revision 1.2)
))) (/usr/local/texlive/2017/texmf-dist/tex/latex/geometry/geometry.sty
Package: geometry 2010/09/12 v5.6 Page Geometry
(/usr/local/texlive/2017/texmf-dist/tex/generic/oberdiek/ifpdf.sty
Package: ifpdf 2017/03/15 v3.2 Provides the ifpdf switch
) (/usr/local/texlive/2017/texmf-dist/tex/generic/oberdiek/ifvtex.sty
Package: ifvtex 2016/05/16 v1.6 Detect VTeX and its facilities (HO)
Package ifvtex Info: VTeX not detected.
) (/usr/local/texlive/2017/texmf-dist/tex/generic/ifxetex/ifxetex.sty
Package: ifxetex 2010/09/12 v0.6 Provides ifxetex conditional
)
\Gm@cnth=\count119
\Gm@cntv=\count120
\c@Gm@tempcnt=\count121
\Gm@bindingoffset=\dimen162
\Gm@wd@mp=\dimen163
\Gm@odd@mp=\dimen164
\Gm@even@mp=\dimen165
\Gm@layoutwidth=\dimen166
\Gm@layoutheight=\dimen167
\Gm@layouthoffset=\dimen168
\Gm@layoutvoffset=\dimen169
\Gm@dimlist=\toks39
) (/usr/local/texlive/2017/texmf-dist/tex/latex/fancyhdr/fancyhdr.sty
Package: fancyhdr 2016/09/06 3.8 Extensive control of page headers and footers
\fancy@headwidth=\skip54
\f@ncyO@elh=\skip55
\f@ncyO@erh=\skip56
\f@ncyO@olh=\skip57
\f@ncyO@orh=\skip58
\f@ncyO@elf=\skip59
\f@ncyO@erf=\skip60
\f@ncyO@olf=\skip61
\f@ncyO@orf=\skip62
) (/usr/local/texlive/2017/texmf-dist/tex/latex/pdfpages/pdfpages.sty
Package: pdfpages 2017/01/14 v0.5h Insert pages of external PDF documents (AM)
(/usr/local/texlive/2017/texmf-dist/tex/latex/tools/calc.sty
Package: calc 2014/10/28 v4.3 Infix arithmetic (KKT,FJ)
\calc@Acount=\count122
\calc@Bcount=\count123
\calc@Adimen=\dimen170
\calc@Bdimen=\dimen171
\calc@Askip=\skip63
\calc@Bskip=\skip64
LaTeX Info: Redefining \setlength on input line 80.
LaTeX Info: Redefining \addtolength on input line 81.
\calc@Ccount=\count124
\calc@Cskip=\skip65
) (/usr/local/texlive/2017/texmf-dist/tex/latex/eso-pic/eso-pic.sty
Package: eso-pic 2015/07/21 v2.0g eso-pic (RN)
(/usr/local/texlive/2017/texmf-dist/tex/generic/oberdiek/atbegshi.sty
Package: atbegshi 2016/06/09 v1.18 At begin shipout hook (HO)
))
\AM@pagewidth=\dimen172
\AM@pageheight=\dimen173
(/usr/local/texlive/2017/texmf-dist/tex/latex/pdfpages/pppdftex.def
File: pppdftex.def 2017/01/14 v0.5h Pdfpages driver for pdfTeX (AM)
)
\AM@pagebox=\box40
\AM@global@opts=\toks40
\AM@toc@title=\toks41
\c@AM@survey=\count125
\AM@templatesizebox=\box41
) (/usr/local/texlive/2017/texmf-dist/tex/latex/hyperref/hyperref.sty
Package: hyperref 2017/03/14 v6.85a Hypertext links for LaTeX
(/usr/local/texlive/2017/texmf-dist/tex/generic/oberdiek/hobsub-hyperref.sty
Package: hobsub-hyperref 2016/05/16 v1.14 Bundle oberdiek, subset hyperref (HO)

(/usr/local/texlive/2017/texmf-dist/tex/generic/oberdiek/hobsub-generic.sty
Package: hobsub-generic 2016/05/16 v1.14 Bundle oberdiek, subset generic (HO)
Package: hobsub 2016/05/16 v1.14 Construct package bundles (HO)
Package hobsub Info: Skipping package `infwarerr' (already loaded).
Package hobsub Info: Skipping package `ltxcmds' (already loaded).
Package: ifluatex 2016/05/16 v1.4 Provides the ifluatex switch (HO)
Package ifluatex Info: LuaTeX not detected.
Package hobsub Info: Skipping package `ifvtex' (already loaded).
Package: intcalc 2016/05/16 v1.2 Expandable calculations with integers (HO)
Package hobsub Info: Skipping package `ifpdf' (already loaded).
Package: etexcmds 2016/05/16 v1.6 Avoid name clashes with e-TeX commands (HO)
Package etexcmds Info: Could not find \expanded.
(etexcmds)             That can mean that you are not using pdfTeX 1.50 or
(etexcmds)             that some package has redefined \expanded.
(etexcmds)             In the latter case, load this package earlier.
Package: kvsetkeys 2016/05/16 v1.17 Key value parser (HO)
Package: kvdefinekeys 2016/05/16 v1.4 Define keys (HO)
Package: pdftexcmds 2017/03/19 v0.25 Utility functions of pdfTeX for LuaTeX (HO
)
Package pdftexcmds Info: LuaTeX not detected.
Package pdftexcmds Info: \pdf@primitive is available.
Package pdftexcmds Info: \pdf@ifprimitive is available.
Package pdftexcmds Info: \pdfdraftmode found.
Package: pdfescape 2016/05/16 v1.14 Implements pdfTeX's escape features (HO)
Package: bigintcalc 2016/05/16 v1.4 Expandable calculations on big integers (HO
)
Package: bitset 2016/05/16 v1.2 Handle bit-vector datatype (HO)
Package: uniquecounter 2016/05/16 v1.3 Provide unlimited unique counter (HO)
)
Package hobsub Info: Skipping package `hobsub' (already loaded).
Package: letltxmacro 2016/05/16 v1.5 Let assignment for LaTeX macros (HO)
Package: hopatch 2016/05/16 v1.3 Wrapper for package hooks (HO)
Package: xcolor-patch 2016/05/16 xcolor patch
Package: atveryend 2016/05/16 v1.9 Hooks at the very end of document (HO)
Package atveryend Info: \enddocument detected (standard20110627).
Package hobsub Info: Skipping package `atbegshi' (already loaded).
Package: refcount 2016/05/16 v3.5 Data extraction from label references (HO)
Package: hycolor 2016/05/16 v1.8 Color options for hyperref/bookmark (HO)
) (/usr/local/texlive/2017/texmf-dist/tex/latex/oberdiek/auxhook.sty
Package: auxhook 2016/05/16 v1.4 Hooks for auxiliary files (HO)
) (/usr/local/texlive/2017/texmf-dist/tex/latex/oberdiek/kvoptions.sty
Package: kvoptions 2016/05/16 v3.12 Key value format for package options (HO)
)
\@linkdim=\dimen174
\Hy@linkcounter=\count126
\Hy@pagecounter=\count127
(/usr/local/texlive/2017/texmf-dist/tex/latex/hyperref/pd1enc.def
File: pd1enc.def 2017/03/14 v6.85a Hyperref: PDFDocEncoding definition (HO)
)
\Hy@SavedSpaceFactor=\count128
(/usr/local/texlive/2017/texmf-dist/tex/latex/latexconfig/hyperref.cfg
File: hyperref.cfg 2002/06/06 v1.2 hyperref configuration of TeXLive
)
Package hyperref Info: Hyper figures OFF on input line 4498.
Package hyperref Info: Link nesting OFF on input line 4503.
Package hyperref Info: Hyper index ON on input line 4506.
Package hyperref Info: Plain pages OFF on input line 4513.
Package hyperref Info: Backreferencing OFF on input line 4518.
Package hyperref Info: Implicit mode ON; LaTeX internals redefined.
Package hyperref Info: Bookmarks ON on input line 4751.
\c@Hy@tempcnt=\count129
(/usr/local/texlive/2017/texmf-dist/tex/latex/url/url.sty
\Urlmuskip=\muskip11
Package: url 2013/09/16  ver 3.4  Verb mode for urls, etc.
)
LaTeX Info: Redefining \url on input line 5104.
\XeTeXLinkMargin=\dimen175
\Fld@menulength=\count130
\Field@Width=\dimen176
\Fld@charsize=\dimen177
Package hyperref Info: Hyper figures OFF on input line 6358.
Package hyperref Info: Link nesting OFF on input line 6363.
Package hyperref Info: Hyper index ON on input line 6366.
Package hyperref Info: backreferencing OFF on input line 6373.
Package hyperref Info: Link coloring OFF on input line 6378.
Package hyperref Info: Link coloring with OCG OFF on input line 6383.
Package hyperref Info: PDF/A mode OFF on input line 6388.
LaTeX Info: Redefining \ref on input line 6428.
LaTeX Info: Redefining \pageref on input line 6432.
\Hy@abspage=\count131
\c@Item=\count132
\c@Hfootnote=\count133
)

Package hyperref Message: Driver (autodetected): hpdftex.

(/usr/local/texlive/2017/texmf-dist/tex/latex/hyperref/hpdftex.def
File: hpdftex.def 2017/03/14 v6.85a Hyperref driver for pdfTeX
\Fld@listcount=\count134
\c@bookmark@seq@number=\count135
(/usr/local/texlive/2017/texmf-dist/tex/latex/oberdiek/rerunfilecheck.sty
Package: rerunfilecheck 2016/05/16 v1.8 Rerun checks for auxiliary files (HO)
Package uniquecounter Info: New unique counter `rerunfilecheck' on input line 2
82.
)
\Hy@SectionHShift=\skip66
)
\c@secdefn=\count136
\c@secthm=\count137
\c@rem=\count138
) (/usr/local/texlive/2017/texmf-dist/tex/generic/xypic/xy.sty (/usr/local/texl
ive/2017/texmf-dist/tex/generic/xypic/xy.tex Bootstrap'ing: catcodes, docmode, 
(/usr/local/texlive/2017/texmf-dist/tex/generic/xypic/xyrecat.tex) (/usr/local/
texlive/2017/texmf-dist/tex/generic/xypic/xyidioms.tex)

 Xy-pic version 3.8.9 <2013/10/06>
 Copyright (c) 1991-2013 by Kristoffer H. Rose <krisrose@tug.org> and others
 Xy-pic is free software: see the User's Guide for details.

Loading kernel: messages; fonts; allocations: state,
\X@c=\dimen178
\Y@c=\dimen179
\U@c=\dimen180
\D@c=\dimen181
\L@c=\dimen182
\R@c=\dimen183
\Edge@c=\toks42
\X@p=\dimen184
\Y@p=\dimen185
\U@p=\dimen186
\D@p=\dimen187
\L@p=\dimen188
\R@p=\dimen189
\Edge@p=\toks43
\X@origin=\dimen190
\Y@origin=\dimen191
\X@xbase=\dimen192
\Y@xbase=\dimen193
\X@ybase=\dimen194
\Y@ybase=\dimen195
\X@min=\dimen196
\Y@min=\dimen197
\X@max=\dimen198
\Y@max=\dimen256
\lastobjectbox@=\box42
\zerodotbox@=\box43
\almostz@=\dimen257
direction,
\d@X=\dimen258
\d@Y=\dimen259
\K@=\count139
\KK@=\count140
\Direction=\count141
\K@dXdY=\dimen260
\K@dYdX=\dimen261
\xyread@=\read2
\xywrite@=\write4
\csp@=\count142
\quotPTK@=\dimen262
utility macros; pictures: \xy, positions,
\swaptoks@@=\toks44
\connectobjectbox@@=\box44
objects,
\styletoks@=\toks45
decorations; kernel objects: directionals, circles, text; options; algorithms: 
directions, edges, connections;  Xy-pic loaded)
Package: xy 2013/10/06 Xy-pic version 3.8.9
(/usr/local/texlive/2017/texmf-dist/tex/generic/xypic/xyall.tex  Xy-pic option:
 All features v.3.8 (/usr/local/texlive/2017/texmf-dist/tex/generic/xypic/xycur
ve.tex  Xy-pic option: Curve and Spline extension v.3.12 curve,
\crv@cnt@=\count143
\crvpts@=\toks46
\splinebox@=\box45
\splineval@=\dimen263
\splinedepth@=\dimen264
\splinetol@=\dimen265
\splinelength@=\dimen266
circles,
\L@=\dimen267
loaded) (/usr/local/texlive/2017/texmf-dist/tex/generic/xypic/xyframe.tex  Xy-p
ic option: Frame and Bracket extension v.3.14 loaded) (/usr/local/texlive/2017/
texmf-dist/tex/generic/xypic/xycmtip.tex  Xy-pic option: Computer Modern tip ex
tension v.3.7 (/usr/local/texlive/2017/texmf-dist/tex/generic/xypic/xytips.tex 
 Xy-pic option: More Tips extension v.3.11 loaded) loaded) (/usr/local/texlive/
2017/texmf-dist/tex/generic/xypic/xyline.tex  Xy-pic option: Line styles extens
ion v.3.10
\xylinethick@=\dimen268
loaded) (/usr/local/texlive/2017/texmf-dist/tex/generic/xypic/xyrotate.tex  Xy-
pic option: Rotate and Scale extension v.3.8 loaded) (/usr/local/texlive/2017/t
exmf-dist/tex/generic/xypic/xycolor.tex  Xy-pic option: Colour extension v.3.11
loaded) (/usr/local/texlive/2017/texmf-dist/tex/generic/xypic/xymatrix.tex  Xy-
pic option: Matrix feature v.3.14
\Row=\count144
\Col=\count145
\queue@=\toks47
\queue@@=\toks48
\qcount@=\count146
\qcount@@=\count147
\matrixsize@=\count148
loaded) (/usr/local/texlive/2017/texmf-dist/tex/generic/xypic/xyarrow.tex  Xy-p
ic option: Arrow and Path feature v.3.9 path, \ar, loaded) (/usr/local/texlive/
2017/texmf-dist/tex/generic/xypic/xygraph.tex  Xy-pic option: Graph feature v.3
.11 loaded) loaded) (/usr/local/texlive/2017/texmf-dist/tex/generic/xypic/xypdf
.tex  Xy-pic option: PDF driver v.1.7 Xy-pic pdf driver: `color' extension supp
ort (/usr/local/texlive/2017/texmf-dist/tex/generic/xypic/xypdf-co.tex loaded) 
Xy-pic pdf driver: `curve' extension support (/usr/local/texlive/2017/texmf-dis
t/tex/generic/xypic/xypdf-cu.tex loaded) Xy-pic pdf driver: `frame' extension s
upport (/usr/local/texlive/2017/texmf-dist/tex/generic/xypic/xypdf-fr.tex loade
d) Xy-pic pdf driver: `line' extension support (/usr/local/texlive/2017/texmf-d
ist/tex/generic/xypic/xypdf-li.tex loaded) Xy-pic pdf driver: `rotate' extensio
n support (/usr/local/texlive/2017/texmf-dist/tex/generic/xypic/xypdf-ro.tex lo
aded) loaded)) (./CAlg.aux)
\openout1 = `CAlg.aux'.

LaTeX Font Info:    Checking defaults for OML/cmm/m/it on input line 7.
LaTeX Font Info:    ... okay on input line 7.
LaTeX Font Info:    Checking defaults for T1/cmr/m/n on input line 7.
LaTeX Font Info:    ... okay on input line 7.
LaTeX Font Info:    Checking defaults for OT1/cmr/m/n on input line 7.
LaTeX Font Info:    ... okay on input line 7.
LaTeX Font Info:    Checking defaults for OMS/cmsy/m/n on input line 7.
LaTeX Font Info:    ... okay on input line 7.
LaTeX Font Info:    Checking defaults for OMX/cmex/m/n on input line 7.
LaTeX Font Info:    ... okay on input line 7.
LaTeX Font Info:    Checking defaults for U/cmr/m/n on input line 7.
LaTeX Font Info:    ... okay on input line 7.
LaTeX Font Info:    Checking defaults for PD1/pdf/m/n on input line 7.
LaTeX Font Info:    ... okay on input line 7.
LaTeX Font Info:    Try loading font information for U+msa on input line 7.
(/usr/local/texlive/2017/texmf-dist/tex/latex/amsfonts/umsa.fd
File: umsa.fd 2013/01/14 v3.01 AMS symbols A
)
LaTeX Font Info:    Try loading font information for U+msb on input line 7.
(/usr/local/texlive/2017/texmf-dist/tex/latex/amsfonts/umsb.fd
File: umsb.fd 2013/01/14 v3.01 AMS symbols B
) ABD: EveryShipout initializing macros (/usr/local/texlive/2017/texmf-dist/tex
/context/base/mkii/supp-pdf.mkii
[Loading MPS to PDF converter (version 2006.09.02).]
\scratchcounter=\count149
\scratchdimen=\dimen269
\scratchbox=\box46
\nofMPsegments=\count150
\nofMParguments=\count151
\everyMPshowfont=\toks49
\MPscratchCnt=\count152
\MPscratchDim=\dimen270
\MPnumerator=\count153
\makeMPintoPDFobject=\count154
\everyMPtoPDFconversion=\toks50
) (/usr/local/texlive/2017/texmf-dist/tex/latex/oberdiek/epstopdf-base.sty
Package: epstopdf-base 2016/05/15 v2.6 Base part for package epstopdf
(/usr/local/texlive/2017/texmf-dist/tex/latex/oberdiek/grfext.sty
Package: grfext 2016/05/16 v1.2 Manage graphics extensions (HO)
)
Package epstopdf-base Info: Redefining graphics rule for `.eps' on input line 4
38.
Package grfext Info: Graphics extension search list:
(grfext)             [.png,.pdf,.jpg,.mps,.jpeg,.jbig2,.jb2,.PNG,.PDF,.JPG,.JPE
G,.JBIG2,.JB2,.eps]
(grfext)             \AppendGraphicsExtensions on input line 456.
(/usr/local/texlive/2017/texmf-dist/tex/latex/latexconfig/epstopdf-sys.cfg
File: epstopdf-sys.cfg 2010/07/13 v1.3 Configuration of (r)epstopdf for TeX Liv
e
))
*geometry* driver: auto-detecting
*geometry* detected driver: pdftex
*geometry* verbose mode - [ preamble ] result:
* driver: pdftex
* paper: <default>
* layout: <same size as paper>
* layoutoffset:(h,v)=(0.0pt,0.0pt)
* modes: twoside 
* h-part:(L,W,R)=(73.71613pt, 430.00462pt, 110.57425pt)
* v-part:(T,H,B)=(71.13188pt, 652.70622pt, 71.13188pt)
* \paperwidth=614.295pt
* \paperheight=794.96999pt
* \textwidth=430.00462pt
* \textheight=652.70622pt
* \oddsidemargin=1.44614pt
* \evensidemargin=38.30426pt
* \topmargin=-23.1381pt
* \headheight=8.0pt
* \headsep=14.0pt
* \topskip=10.0pt
* \footskip=12.0pt
* \marginparwidth=90.0pt
* \marginparsep=11.0pt
* \columnsep=10.0pt
* \skip\footins=7.0pt plus 11.0pt
* \hoffset=0.0pt
* \voffset=0.0pt
* \mag=1000
* \@twocolumnfalse
* \@twosidetrue
* \@mparswitchtrue
* \@reversemarginfalse
* (1in=72.27pt=25.4mm, 1cm=28.453pt)

\AtBeginShipoutBox=\box47
(/usr/local/texlive/2017/texmf-dist/tex/latex/oberdiek/pdflscape.sty
Package: pdflscape 2016/05/14 v0.11 Display of landscape pages in PDF (HO)
(/usr/local/texlive/2017/texmf-dist/tex/latex/graphics/lscape.sty
Package: lscape 2000/10/22 v3.01 Landscape Pages (DPC)
)
Package pdflscape Info: Auto-detected driver: pdftex on input line 81.
)
Package hyperref Info: Link coloring OFF on input line 7.
(/usr/local/texlive/2017/texmf-dist/tex/latex/hyperref/nameref.sty
Package: nameref 2016/05/21 v2.44 Cross-referencing by name of section
(/usr/local/texlive/2017/texmf-dist/tex/generic/oberdiek/gettitlestring.sty
Package: gettitlestring 2016/05/16 v1.5 Cleanup title references (HO)
)
\c@section@level=\count155
)
LaTeX Info: Redefining \ref on input line 7.
LaTeX Info: Redefining \pageref on input line 7.
LaTeX Info: Redefining \nameref on input line 7.
(./CAlg.out) (./CAlg.out)
\@outlinefile=\write5
\openout5 = `CAlg.out'.

Package xypdf Info: Line width: 0.39998pt on input line 7.
(./CAlg.toc)
\tf@toc=\write6
\openout6 = `CAlg.toc'.

[1{/usr/local/texlive/2017/texmf-var/fonts/map/pdftex/updmap/pdftex.map}]
LaTeX Font Info:    Try loading font information for U+euf on input line 79.
(/usr/local/texlive/2017/texmf-dist/tex/latex/amsfonts/ueuf.fd
File: ueuf.fd 2013/01/14 v3.01 Euler Fraktur
)

Package Fancyhdr Warning: \headheight is too small (8.0pt): 
 Make it at least 12.0pt.
 We now make it that large for the rest of the document.
 This may cause the page layout to be inconsistent, however.

[2]

Package Fancyhdr Warning: \headheight is too small (8.0pt): 
 Make it at least 12.0pt.
 We now make it that large for the rest of the document.
 This may cause the page layout to be inconsistent, however.

[3]
Package atveryend Info: Empty hook `BeforeClearDocument' on input line 184.
Package atveryend Info: Empty hook `AfterLastShipout' on input line 184.
(./CAlg.aux)
Package atveryend Info: Executing hook `AtVeryEndDocument' on input line 184.
Package atveryend Info: Executing hook `AtEndAfterFileList' on input line 184.
Package rerunfilecheck Info: File `CAlg.out' has not changed.
(rerunfilecheck)             Checksum: DEB39922667CCF74DBCA3B1E5EE6F99C;54.
Package atveryend Info: Empty hook `AtVeryVeryEnd' on input line 184.
 ) 
Here is how much of TeX's memory you used:
 20324 strings out of 492995
 355757 string characters out of 6132689
 481616 words of memory out of 5000000
 23280 multiletter control sequences out of 15000+600000
 13221 words of font info for 54 fonts, out of 8000000 for 9000
 1302 hyphenation exceptions out of 8191
 55i,11n,56p,3258b,422s stack positions out of 5000i,500n,10000p,200000b,80000s
</usr/local/texlive/2017/texmf-dist/fonts/type1/public/amsfonts/cm/cmbx10.pfb
></usr/local/texlive/2017/texmf-dist/fonts/type1/public/amsfonts/cm/cmcsc10.pfb
></usr/local/texlive/2017/texmf-dist/fonts/type1/public/amsfonts/cm/cmex10.pfb>
</usr/local/texlive/2017/texmf-dist/fonts/type1/public/amsfonts/cm/cmmi10.pfb><
/usr/local/texlive/2017/texmf-dist/fonts/type1/public/amsfonts/cm/cmmi7.pfb></u
sr/local/texlive/2017/texmf-dist/fonts/type1/public/amsfonts/cm/cmr10.pfb></usr
/local/texlive/2017/texmf-dist/fonts/type1/public/amsfonts/cm/cmr7.pfb></usr/lo
cal/texlive/2017/texmf-dist/fonts/type1/public/amsfonts/cm/cmr8.pfb></usr/local
/texlive/2017/texmf-dist/fonts/type1/public/amsfonts/cm/cmsl10.pfb></usr/local/
texlive/2017/texmf-dist/fonts/type1/public/amsfonts/cm/cmsy10.pfb></usr/local/t
exlive/2017/texmf-dist/fonts/type1/public/amsfonts/cm/cmsy7.pfb></usr/local/tex
live/2017/texmf-dist/fonts/type1/public/amsfonts/cm/cmti10.pfb></usr/local/texl
ive/2017/texmf-dist/fonts/type1/public/amsfonts/euler/eufm10.pfb></usr/local/te
xlive/2017/texmf-dist/fonts/type1/public/amsfonts/symbols/msam10.pfb></usr/loca
l/texlive/2017/texmf-dist/fonts/type1/public/amsfonts/symbols/msbm10.pfb>
Output written on CAlg.pdf (3 pages, 163222 bytes).
PDF statistics:
 137 PDF objects out of 1000 (max. 8388607)
 115 compressed objects within 2 object streams
 42 named destinations out of 1000 (max. 500000)
 21 words of extra memory for PDF output out of 10000 (max. 10000000)

